0 verbose cli /usr/local/nvm/versions/node/v24.14.1/bin/node /usr/local/nvm/versions/node/v24.14.1/bin/npm
1 info using npm@11.12.1
2 info using node@v24.14.1
3 silly config load:file:/usr/local/nvm/versions/node/v24.14.1/lib/node_modules/npm/npmrc
4 silly config load:file:/home/mohamadsayed831/static-builder/.npmrc
5 silly config load:file:/home/mohamadsayed831/.npmrc
6 silly config load:file:/usr/local/nvm/versions/node/v24.14.1/etc/npmrc
7 verbose title npm run build
8 verbose argv "run" "build"
9 verbose logfile logs-max:10 dir:/home/mohamadsayed831/.npm/_logs/2026-04-21T08_56_53_401Z-
10 verbose logfile /home/mohamadsayed831/.npm/_logs/2026-04-21T08_56_53_401Z-debug-0.log
11 silly logfile start cleaning logs, removing 1 files
12 silly logfile done cleaning log files
13 verbose stack Error: Missing script: "build"
13 verbose stack
13 verbose stack To see a list of scripts, run:
13 verbose stack   npm run
13 verbose stack     at #run (/usr/local/nvm/versions/node/v24.14.1/lib/node_modules/npm/lib/commands/run.js:115:13)
13 verbose stack     at async RunScript.exec (/usr/local/nvm/versions/node/v24.14.1/lib/node_modules/npm/lib/commands/run.js:44:7)
13 verbose stack     at async Npm.exec (/usr/local/nvm/versions/node/v24.14.1/lib/node_modules/npm/lib/npm.js:193:9)
13 verbose stack     at async module.exports (/usr/local/nvm/versions/node/v24.14.1/lib/node_modules/npm/lib/cli/entry.js:67:5)
14 error Missing script: "build"
14 error
14 error To see a list of scripts, run:
14 error   npm run
15 verbose cwd /home/mohamadsayed831/static-builder
16 verbose os Linux 6.6.123+
17 verbose node v24.14.1
18 verbose npm  v11.12.1
19 verbose exit 1
20 verbose code 1
21 error A complete log of this run can be found in: /home/mohamadsayed831/.npm/_logs/2026-04-21T08_56_53_401Z-debug-0.log
