0 verbose cli /usr/local/nvm/versions/node/v24.14.1/bin/node /usr/local/nvm/versions/node/v24.14.1/bin/npm
1 info using npm@11.12.1
2 info using node@v24.14.1
3 silly config load:file:/usr/local/nvm/versions/node/v24.14.1/lib/node_modules/npm/npmrc
4 silly config load:file:/home/mohamadsayed831/static-builder/.npmrc
5 silly config load:file:/home/mohamadsayed831/.npmrc
6 silly config load:file:/usr/local/nvm/versions/node/v24.14.1/etc/npmrc
7 verbose title npm init
8 verbose argv "init" "--yes"
9 verbose logfile logs-max:10 dir:/home/mohamadsayed831/.npm/_logs/2026-04-21T08_56_41_876Z-
10 verbose logfile /home/mohamadsayed831/.npm/_logs/2026-04-21T08_56_41_876Z-debug-0.log
11 silly logfile start cleaning logs, removing 6 files
12 silly logfile done cleaning log files
13 silly package data {
13 silly package data   name: 'static-builder',
13 silly package data   version: '1.0.0',
13 silly package data   description: '',
13 silly package data   main: 'index.js',
13 silly package data   scripts: { test: 'echo "Error: no test specified" && exit 1' },
13 silly package data   keywords: [],
13 silly package data   author: '',
13 silly package data   license: 'ISC',
13 silly package data   type: 'commonjs'
13 silly package data }
14 verbose cwd /home/mohamadsayed831/static-builder
15 verbose os Linux 6.6.123+
16 verbose node v24.14.1
17 verbose npm  v11.12.1
18 verbose exit 0
19 info ok
